0 info it worked if it ends with ok
1 verbose cli [ 'C:\\Program Files\\nodejs\\node.exe',
1 verbose cli   'C:\\Program Files\\nodejs\\node_modules\\npm\\bin\\npm-cli.js',
1 verbose cli   'start' ]
2 info using npm@3.10.10
3 info using node@v6.10.2
4 verbose run-script [ 'prestart', 'start', 'poststart' ]
5 info lifecycle djfinance@0.0.0~prestart: djfinance@0.0.0
6 silly lifecycle djfinance@0.0.0~prestart: no script for prestart, continuing
7 info lifecycle djfinance@0.0.0~start: djfinance@0.0.0
8 verbose lifecycle djfinance@0.0.0~start: unsafe-perm in lifecycle true
9 verbose lifecycle djfinance@0.0.0~start: PATH: C:\Program Files\nodejs\node_modules\npm\bin\node-gyp-bin;C:\Users\hdkj\Desktop\project\djFinance\node_modules\.bin;D:\cmder\bin;D:\cmder\vendor\conemu-maximus5;D:\cmder\vendor\conemu-maximus5\ConEmu;C:\WINDOWS\system32;D:\Program Files\Java\jdk1.7.0_80\lib;D:\Program Files\Java\jdk1.7.0_80\jre\bin;D:\Program Files\TortoiseSVN\bin;C:\WINDOWS;C:\WINDOWS\System32\Wbem;C:\WINDOWS\System32\WindowsPowerShell\v1.0\;C:\Program Files\nodejs\;C:\Users\hdkj\AppData\Local\Microsoft\WindowsApps;C:\Users\hdkj\AppData\Roaming\npm;C:\Users\hdkj\AppData\Local\atom\bin;C:\Users\hdkj\AppData\Local\Microsoft\WindowsApps;;D:\cmder\
10 verbose lifecycle djfinance@0.0.0~start: CWD: C:\Users\hdkj\Desktop\project\djFinance
11 silly lifecycle djfinance@0.0.0~start: Args: [ '/d /s /c', 'node ./bin/www' ]
12 silly lifecycle djfinance@0.0.0~start: Returned: code: 1  signal: null
13 info lifecycle djfinance@0.0.0~start: Failed to exec start script
14 verbose stack Error: djfinance@0.0.0 start: `node ./bin/www`
14 verbose stack Exit status 1
14 verbose stack     at EventEmitter.<anonymous> (C:\Program Files\nodejs\node_modules\npm\lib\utils\lifecycle.js:255:16)
14 verbose stack     at emitTwo (events.js:106:13)
14 verbose stack     at EventEmitter.emit (events.js:191:7)
14 verbose stack     at ChildProcess.<anonymous> (C:\Program Files\nodejs\node_modules\npm\lib\utils\spawn.js:40:14)
14 verbose stack     at emitTwo (events.js:106:13)
14 verbose stack     at ChildProcess.emit (events.js:191:7)
14 verbose stack     at maybeClose (internal/child_process.js:886:16)
14 verbose stack     at Process.ChildProcess._handle.onexit (internal/child_process.js:226:5)
15 verbose pkgid djfinance@0.0.0
16 verbose cwd C:\Users\hdkj\Desktop\project\djFinance
17 error Windows_NT 10.0.15063
18 error argv "C:\\Program Files\\nodejs\\node.exe" "C:\\Program Files\\nodejs\\node_modules\\npm\\bin\\npm-cli.js" "start"
19 error node v6.10.2
20 error npm  v3.10.10
21 error code ELIFECYCLE
22 error djfinance@0.0.0 start: `node ./bin/www`
22 error Exit status 1
23 error Failed at the djfinance@0.0.0 start script 'node ./bin/www'.
23 error Make sure you have the latest version of node.js and npm installed.
23 error If you do, this is most likely a problem with the djfinance package,
23 error not with npm itself.
23 error Tell the author that this fails on your system:
23 error     node ./bin/www
23 error You can get information on how to open an issue for this project with:
23 error     npm bugs djfinance
23 error Or if that isn't available, you can get their info via:
23 error     npm owner ls djfinance
23 error There is likely additional logging output above.
24 verbose exit [ 1, true ]
